<?xml version="1.0" encoding="UTF-8"?>
<testsuite xmlns:xsi="http://www.w3.org/2001/XMLSchema-instance" xsi:noNamespaceSchemaLocation="https://maven.apache.org/surefire/maven-surefire-plugin/xsd/surefire-test-report-3.0.xsd" version="3.0" name="DevolucaoEquipUITest" time="0.172" tests="7" errors="0" skipped="0" failures="0">
  <properties>
    <property name="java.specification.version" value="21"/>
    <property name="sun.jnu.encoding" value="UTF-8"/>
    <property name="java.class.path" value="/home/leticia/NetBeansProjects/SistemaLocacao/target/test-classes:/home/leticia/NetBeansProjects/SistemaLocacao/target/classes:/home/leticia/.m2/repository/com/itextpdf/barcodes/9.0.0/barcodes-9.0.0.jar:/home/leticia/.m2/repository/com/itextpdf/font-asian/9.0.0/font-asian-9.0.0.jar:/home/leticia/.m2/repository/com/itextpdf/forms/9.0.0/forms-9.0.0.jar:/home/leticia/.m2/repository/com/itextpdf/hyph/9.0.0/hyph-9.0.0.jar:/home/leticia/.m2/repository/com/itextpdf/io/9.0.0/io-9.0.0.jar:/home/leticia/.m2/repository/com/itextpdf/kernel/9.0.0/kernel-9.0.0.jar:/home/leticia/.m2/repository/com/itextpdf/layout/9.0.0/layout-9.0.0.jar:/home/leticia/.m2/repository/com/itextpdf/pdfa/9.0.0/pdfa-9.0.0.jar:/home/leticia/.m2/repository/com/itextpdf/sign/9.0.0/sign-9.0.0.jar:/home/leticia/.m2/repository/com/itextpdf/styled-xml-parser/9.0.0/styled-xml-parser-9.0.0.jar:/home/leticia/.m2/repository/com/itextpdf/svg/9.0.0/svg-9.0.0.jar:/home/leticia/.m2/repository/com/itextpdf/bouncy-castle-connector/9.0.0/bouncy-castle-connector-9.0.0.jar:/home/leticia/.m2/repository/com/itextpdf/pdfua/9.0.0/pdfua-9.0.0.jar:/home/leticia/.m2/repository/com/itextpdf/bouncy-castle-adapter/9.0.0/bouncy-castle-adapter-9.0.0.jar:/home/leticia/.m2/repository/org/bouncycastle/bcpkix-jdk18on/1.78/bcpkix-jdk18on-1.78.jar:/home/leticia/.m2/repository/org/bouncycastle/bcutil-jdk18on/1.78/bcutil-jdk18on-1.78.jar:/home/leticia/.m2/repository/org/bouncycastle/bcprov-jdk18on/1.78/bcprov-jdk18on-1.78.jar:/home/leticia/.m2/repository/com/itextpdf/commons/9.0.0/commons-9.0.0.jar:/home/leticia/.m2/repository/org/slf4j/slf4j-api/2.0.16/slf4j-api-2.0.16.jar:/home/leticia/.m2/repository/org/junit/jupiter/junit-jupiter/5.8.1/junit-jupiter-5.8.1.jar:/home/leticia/.m2/repository/org/junit/jupiter/junit-jupiter-api/5.8.1/junit-jupiter-api-5.8.1.jar:/home/leticia/.m2/repository/org/opentest4j/opentest4j/1.2.0/opentest4j-1.2.0.jar:/home/leticia/.m2/repository/org/junit/platform/junit-platform-commons/1.8.1/junit-platform-commons-1.8.1.jar:/home/leticia/.m2/repository/org/apiguardian/apiguardian-api/1.1.2/apiguardian-api-1.1.2.jar:/home/leticia/.m2/repository/org/junit/jupiter/junit-jupiter-params/5.8.1/junit-jupiter-params-5.8.1.jar:/home/leticia/.m2/repository/org/junit/jupiter/junit-jupiter-engine/5.8.1/junit-jupiter-engine-5.8.1.jar:/home/leticia/.m2/repository/org/junit/platform/junit-platform-engine/1.8.1/junit-platform-engine-1.8.1.jar:/home/leticia/.m2/repository/com/github/librepdf/openpdf/1.3.30/openpdf-1.3.30.jar:/home/leticia/.m2/repository/com/google/code/findbugs/jsr305/3.0.2/jsr305-3.0.2.jar:/home/leticia/.m2/repository/junit/junit/3.8.1/junit-3.8.1.jar:"/>
    <property name="java.vm.vendor" value="Flathub"/>
    <property name="sun.arch.data.model" value="64"/>
    <property name="java.vendor.url" value="https://flathub.org"/>
    <property name="user.timezone" value="America/Sao_Paulo"/>
    <property name="os.name" value="Linux"/>
    <property name="java.vm.specification.version" value="21"/>
    <property name="user.country" value="BR"/>
    <property name="sun.java.launcher" value="SUN_STANDARD"/>
    <property name="sun.boot.library.path" value="/app/jdk/lib"/>
    <property name="sun.java.command" value="/home/leticia/NetBeansProjects/SistemaLocacao/target/surefire/surefirebooter-20250104153602265_3.jar /home/leticia/NetBeansProjects/SistemaLocacao/target/surefire 2025-01-04T15-36-02_145-jvmRun1 surefire-20250104153602265_1tmp surefire_0-20250104153602265_2tmp"/>
    <property name="jdk.debug" value="release"/>
    <property name="test" value="DevolucaoEquipUITest"/>
    <property name="surefire.test.class.path" value="/home/leticia/NetBeansProjects/SistemaLocacao/target/test-classes:/home/leticia/NetBeansProjects/SistemaLocacao/target/classes:/home/leticia/.m2/repository/com/itextpdf/barcodes/9.0.0/barcodes-9.0.0.jar:/home/leticia/.m2/repository/com/itextpdf/font-asian/9.0.0/font-asian-9.0.0.jar:/home/leticia/.m2/repository/com/itextpdf/forms/9.0.0/forms-9.0.0.jar:/home/leticia/.m2/repository/com/itextpdf/hyph/9.0.0/hyph-9.0.0.jar:/home/leticia/.m2/repository/com/itextpdf/io/9.0.0/io-9.0.0.jar:/home/leticia/.m2/repository/com/itextpdf/kernel/9.0.0/kernel-9.0.0.jar:/home/leticia/.m2/repository/com/itextpdf/layout/9.0.0/layout-9.0.0.jar:/home/leticia/.m2/repository/com/itextpdf/pdfa/9.0.0/pdfa-9.0.0.jar:/home/leticia/.m2/repository/com/itextpdf/sign/9.0.0/sign-9.0.0.jar:/home/leticia/.m2/repository/com/itextpdf/styled-xml-parser/9.0.0/styled-xml-parser-9.0.0.jar:/home/leticia/.m2/repository/com/itextpdf/svg/9.0.0/svg-9.0.0.jar:/home/leticia/.m2/repository/com/itextpdf/bouncy-castle-connector/9.0.0/bouncy-castle-connector-9.0.0.jar:/home/leticia/.m2/repository/com/itextpdf/pdfua/9.0.0/pdfua-9.0.0.jar:/home/leticia/.m2/repository/com/itextpdf/bouncy-castle-adapter/9.0.0/bouncy-castle-adapter-9.0.0.jar:/home/leticia/.m2/repository/org/bouncycastle/bcpkix-jdk18on/1.78/bcpkix-jdk18on-1.78.jar:/home/leticia/.m2/repository/org/bouncycastle/bcutil-jdk18on/1.78/bcutil-jdk18on-1.78.jar:/home/leticia/.m2/repository/org/bouncycastle/bcprov-jdk18on/1.78/bcprov-jdk18on-1.78.jar:/home/leticia/.m2/repository/com/itextpdf/commons/9.0.0/commons-9.0.0.jar:/home/leticia/.m2/repository/org/slf4j/slf4j-api/2.0.16/slf4j-api-2.0.16.jar:/home/leticia/.m2/repository/org/junit/jupiter/junit-jupiter/5.8.1/junit-jupiter-5.8.1.jar:/home/leticia/.m2/repository/org/junit/jupiter/junit-jupiter-api/5.8.1/junit-jupiter-api-5.8.1.jar:/home/leticia/.m2/repository/org/opentest4j/opentest4j/1.2.0/opentest4j-1.2.0.jar:/home/leticia/.m2/repository/org/junit/platform/junit-platform-commons/1.8.1/junit-platform-commons-1.8.1.jar:/home/leticia/.m2/repository/org/apiguardian/apiguardian-api/1.1.2/apiguardian-api-1.1.2.jar:/home/leticia/.m2/repository/org/junit/jupiter/junit-jupiter-params/5.8.1/junit-jupiter-params-5.8.1.jar:/home/leticia/.m2/repository/org/junit/jupiter/junit-jupiter-engine/5.8.1/junit-jupiter-engine-5.8.1.jar:/home/leticia/.m2/repository/org/junit/platform/junit-platform-engine/1.8.1/junit-platform-engine-1.8.1.jar:/home/leticia/.m2/repository/com/github/librepdf/openpdf/1.3.30/openpdf-1.3.30.jar:/home/leticia/.m2/repository/com/google/code/findbugs/jsr305/3.0.2/jsr305-3.0.2.jar:/home/leticia/.m2/repository/junit/junit/3.8.1/junit-3.8.1.jar:"/>
    <property name="sun.cpu.endian" value="little"/>
    <property name="user.home" value="/home/leticia"/>
    <property name="user.language" value="pt"/>
    <property name="java.specification.vendor" value="Oracle Corporation"/>
    <property name="java.version.date" value="2024-10-15"/>
    <property name="java.home" value="/app/jdk"/>
    <property name="file.separator" value="/"/>
    <property name="basedir" value="/home/leticia/NetBeansProjects/SistemaLocacao"/>
    <property name="java.vm.compressedOopsMode" value="32-bit"/>
    <property name="line.separator" value="&#10;"/>
    <property name="java.vm.specification.vendor" value="Oracle Corporation"/>
    <property name="java.specification.name" value="Java Platform API Specification"/>
    <property name="surefire.real.class.path" value="/home/leticia/NetBeansProjects/SistemaLocacao/target/surefire/surefirebooter-20250104153602265_3.jar"/>
    <property name="sun.management.compiler" value="HotSpot 64-Bit Tiered Compilers"/>
    <property name="java.runtime.version" value="21.0.5+2"/>
    <property name="user.name" value="leticia"/>
    <property name="stdout.encoding" value="UTF-8"/>
    <property name="path.separator" value=":"/>
    <property name="os.version" value="6.12.5-200.fc41.x86_64"/>
    <property name="java.runtime.name" value="OpenJDK Runtime Environment"/>
    <property name="file.encoding" value="UTF-8"/>
    <property name="java.vm.name" value="OpenJDK 64-Bit Server VM"/>
    <property name="java.vendor.version" value="21.9"/>
    <property name="maven.ext.class.path" value="/app/netbeans/java/maven-nblib/netbeans-eventspy.jar"/>
    <property name="localRepository" value="/home/leticia/.m2/repository"/>
    <property name="java.vendor.url.bug" value="https://github.com/flathub/org.freedesktop.Sdk.Extension.openjdk21/issues"/>
    <property name="java.io.tmpdir" value="/tmp"/>
    <property name="java.version" value="21.0.5"/>
    <property name="user.dir" value="/home/leticia/NetBeansProjects/SistemaLocacao"/>
    <property name="os.arch" value="amd64"/>
    <property name="java.vm.specification.name" value="Java Virtual Machine Specification"/>
    <property name="native.encoding" value="UTF-8"/>
    <property name="java.library.path" value=":/usr/java/packages/lib:/usr/lib64:/lib64:/lib:/usr/lib"/>
    <property name="java.vm.info" value="mixed mode, sharing"/>
    <property name="stderr.encoding" value="UTF-8"/>
    <property name="java.vendor" value="Flathub"/>
    <property name="java.vm.version" value="21.0.5+2"/>
    <property name="sun.io.unicode.encoding" value="UnicodeLittle"/>
    <property name="java.class.version" value="65.0"/>
    <property name="argLine" value="--enable-preview"/>
  </properties>
  <testcase name="testRemoverEquipamento" classname="DevolucaoEquipUITest" time="0.055"/>
  <testcase name="testBuscarEquipamentoPorCPF" classname="DevolucaoEquipUITest" time="0.014"/>
  <testcase name="testCalcularMultaPorAtraso" classname="DevolucaoEquipUITest" time="0.036">
    <system-out><![CDATA[Dias de atraso calculados: 5
]]></system-out>
  </testcase>
  <testcase name="testAdicionarEquipamento" classname="DevolucaoEquipUITest" time="0.003"/>
  <testcase name="testAdicionarClienteDuplicadoPorCPF" classname="DevolucaoEquipUITest" time="0.006"/>
  <testcase name="testRegistrarLocacaoComClienteEEquipamentoValidos" classname="DevolucaoEquipUITest" time="0.004"/>
  <testcase name="testRegistrarLocacaoSemEquipamento" classname="DevolucaoEquipUITest" time="0.005"/>
</testsuite>